<?xml version="1.0" encoding="UTF-8"?>
<!-- Generated by org.testng.reporters.JUnitXMLReporter -->
<testsuite ignored="0" hostname="Milans-MacBook-Pro.local" failures="0" tests="5" name="Open Cart Login Page Test" time="8.688" errors="0" timestamp="07 Apr. 2022 23:58:06 GMT">
  <testcase classname="com.qa.opencart.test.LoginPageTest" name="ATC_005_registerLink" time="0.147"/>
  <testcase classname="com.qa.opencart.test.LoginPageTest" name="TC_001_loginPageTitle" time="0.081"/>
  <testcase classname="com.qa.opencart.test.LoginPageTest" name="TC_002_loginPageUrl" time="0.013"/>
  <testcase classname="com.qa.opencart.test.LoginPageTest" name="TC_003_forgotPasswordLink" time="0.05"/>
  <testcase classname="com.qa.opencart.test.LoginPageTest" name="TC_004_login" time="1.177"/>
</testsuite> <!-- Open Cart Login Page Test -->
