<?xml version="1.0" encoding="UTF-8"?>
<!-- Generated by org.testng.reporters.JUnitXMLReporter -->
<testsuite ignored="4" hostname="Milans-MBP.ht.home" failures="0" tests="1" name="Default test" time="3.405" errors="0" timestamp="2022-04-07T13:29:58 EDT">
  <testcase classname="com.qa.opencart.test.LoginPageTest" name="ATC_005_registerLink" time="0.048"/>
  <testcase classname="com.qa.opencart.test.LoginPageTest" name="TC_004_login" time="0.0">
    <ignored/>
  </testcase> <!-- TC_004_login -->
  <testcase classname="com.qa.opencart.test.LoginPageTest" name="TC_001_loginPageTitle" time="0.0">
    <ignored/>
  </testcase> <!-- TC_001_loginPageTitle -->
  <testcase classname="com.qa.opencart.test.LoginPageTest" name="TC_003_forgotPasswordLink" time="0.0">
    <ignored/>
  </testcase> <!-- TC_003_forgotPasswordLink -->
  <testcase classname="com.qa.opencart.test.LoginPageTest" name="TC_002_loginPageUrl" time="0.0">
    <ignored/>
  </testcase> <!-- TC_002_loginPageUrl -->
</testsuite> <!-- Default test -->
