<?xml version="1.0" encoding="UTF-8"?>
<!-- Generated by org.testng.reporters.JUnitXMLReporter -->
<testsuite ignored="0" hostname="Milans-MacBook-Pro.local" failures="0" tests="7" name="Default test" time="11.859" errors="0" timestamp="14 Apr. 2022 21:35:40 GMT">
  <testcase classname="com.qa.opencart.test.AccountsPageTest" name="TC_201_getTitle" time="0.056"/>
  <testcase classname="com.qa.opencart.test.AccountsPageTest" name="TC_202_headerExit" time="0.047"/>
  <testcase classname="com.qa.opencart.test.AccountsPageTest" name="TC_203_searchExit" time="0.036"/>
  <testcase classname="com.qa.opencart.test.AccountsPageTest" name="TC_204_accountSection" time="0.08"/>
  <testcase classname="com.qa.opencart.test.AccountsPageTest" name="TC_205_searchHeaderTest" time="0.712"/>
  <testcase classname="com.qa.opencart.test.AccountsPageTest" name="TC_206_searchProductTest" time="0.649"/>
  <testcase classname="com.qa.opencart.test.AccountsPageTest" name="TC_207_searchProductListTest" time="0.648"/>
</testsuite> <!-- Default test -->
