<?xml version="1.0" encoding="UTF-8"?>
<testng-results ignored="0" total="12" passed="12" failed="0" skipped="0">
  <reporter-output>
  </reporter-output>
  <suite started-at="2022-04-07T23:57:57Z" name="Open Cart Test Suite" finished-at="2022-04-07T23:58:08Z" duration-ms="10850">
    <groups>
    </groups>
    <test started-at="2022-04-07T23:57:57Z" name="Open Cart Login Page Test" finished-at="2022-04-07T23:58:06Z" duration-ms="8688">
      <class name="com.qa.opencart.test.LoginPageTest">
        <test-method is-config="true" signature="setup()[pri:0, instance:com.qa.opencart.test.LoginPageTest@262816a8]" started-at="2022-04-07T23:57:57Z" name="setup" finished-at="2022-04-07T23:58:04Z" duration-ms="6817" status="PASS">
          <reporter-output>
          </reporter-output>
        </test-method> <!-- setup -->
        <test-method signature="ATC_005_registerLink()[pri:0, instance:com.qa.opencart.test.LoginPageTest@262816a8]" started-at="2022-04-07T23:58:04Z" name="ATC_005_registerLink" finished-at="2022-04-07T23:58:04Z" duration-ms="147" status="PASS">
          <reporter-output>
          </reporter-output>
        </test-method> <!-- ATC_005_registerLink -->
        <test-method signature="TC_001_loginPageTitle()[pri:0, instance:com.qa.opencart.test.LoginPageTest@262816a8]" started-at="2022-04-07T23:58:04Z" name="TC_001_loginPageTitle" finished-at="2022-04-07T23:58:04Z" duration-ms="81" status="PASS">
          <reporter-output>
          </reporter-output>
        </test-method> <!-- TC_001_loginPageTitle -->
        <test-method signature="TC_002_loginPageUrl()[pri:0, instance:com.qa.opencart.test.LoginPageTest@262816a8]" started-at="2022-04-07T23:58:05Z" name="TC_002_loginPageUrl" finished-at="2022-04-07T23:58:05Z" duration-ms="13" status="PASS">
          <reporter-output>
          </reporter-output>
        </test-method> <!-- TC_002_loginPageUrl -->
        <test-method signature="TC_003_forgotPasswordLink()[pri:0, instance:com.qa.opencart.test.LoginPageTest@262816a8]" started-at="2022-04-07T23:58:05Z" name="TC_003_forgotPasswordLink" finished-at="2022-04-07T23:58:05Z" duration-ms="50" status="PASS">
          <reporter-output>
          </reporter-output>
        </test-method> <!-- TC_003_forgotPasswordLink -->
        <test-method signature="TC_004_login()[pri:0, instance:com.qa.opencart.test.LoginPageTest@262816a8]" started-at="2022-04-07T23:58:05Z" name="TC_004_login" finished-at="2022-04-07T23:58:06Z" duration-ms="1177" status="PASS">
          <reporter-output>
          </reporter-output>
        </test-method> <!-- TC_004_login -->
        <test-method is-config="true" signature="tearDown()[pri:0, instance:com.qa.opencart.test.LoginPageTest@262816a8]" started-at="2022-04-07T23:58:06Z" name="tearDown" finished-at="2022-04-07T23:58:06Z" duration-ms="99" status="PASS">
          <reporter-output>
          </reporter-output>
        </test-method> <!-- tearDown -->
      </class> <!-- com.qa.opencart.test.LoginPageTest -->
    </test> <!-- Open Cart Login Page Test -->
    <test started-at="2022-04-07T23:57:57Z" name="Open Cart Accounts Page Test" finished-at="2022-04-07T23:58:08Z" duration-ms="10850">
      <class name="com.qa.opencart.test.AccountsPageTest">
        <test-method is-config="true" signature="setup()[pri:0, instance:com.qa.opencart.test.AccountsPageTest@25ad4f71]" started-at="2022-04-07T23:57:57Z" name="setup" finished-at="2022-04-07T23:58:04Z" duration-ms="6816" status="PASS">
          <reporter-output>
          </reporter-output>
        </test-method> <!-- setup -->
        <test-method is-config="true" signature="accountsPageSetup()[pri:0, instance:com.qa.opencart.test.AccountsPageTest@25ad4f71]" started-at="2022-04-07T23:58:04Z" name="accountsPageSetup" finished-at="2022-04-07T23:58:05Z" duration-ms="1391" status="PASS">
          <reporter-output>
          </reporter-output>
        </test-method> <!-- accountsPageSetup -->
        <test-method signature="TC_201_getTitle()[pri:0, instance:com.qa.opencart.test.AccountsPageTest@25ad4f71]" started-at="2022-04-07T23:58:05Z" name="TC_201_getTitle" finished-at="2022-04-07T23:58:05Z" duration-ms="10" status="PASS">
          <reporter-output>
          </reporter-output>
        </test-method> <!-- TC_201_getTitle -->
        <test-method signature="TC_202_headerExit()[pri:0, instance:com.qa.opencart.test.AccountsPageTest@25ad4f71]" started-at="2022-04-07T23:58:05Z" name="TC_202_headerExit" finished-at="2022-04-07T23:58:05Z" duration-ms="46" status="PASS">
          <reporter-output>
          </reporter-output>
        </test-method> <!-- TC_202_headerExit -->
        <test-method signature="TC_203_searchExit()[pri:0, instance:com.qa.opencart.test.AccountsPageTest@25ad4f71]" started-at="2022-04-07T23:58:05Z" name="TC_203_searchExit" finished-at="2022-04-07T23:58:05Z" duration-ms="34" status="PASS">
          <reporter-output>
          </reporter-output>
        </test-method> <!-- TC_203_searchExit -->
        <test-method signature="TC_204_accountSection()[pri:0, instance:com.qa.opencart.test.AccountsPageTest@25ad4f71]" started-at="2022-04-07T23:58:05Z" name="TC_204_accountSection" finished-at="2022-04-07T23:58:06Z" duration-ms="86" status="PASS">
          <reporter-output>
          </reporter-output>
        </test-method> <!-- TC_204_accountSection -->
        <test-method signature="TC_205_searchHeaderTest()[pri:0, instance:com.qa.opencart.test.AccountsPageTest@25ad4f71]" started-at="2022-04-07T23:58:06Z" name="TC_205_searchHeaderTest" finished-at="2022-04-07T23:58:06Z" duration-ms="900" status="PASS">
          <reporter-output>
          </reporter-output>
        </test-method> <!-- TC_205_searchHeaderTest -->
        <test-method signature="TC_206_searchProductTest()[pri:0, instance:com.qa.opencart.test.AccountsPageTest@25ad4f71]" started-at="2022-04-07T23:58:06Z" name="TC_206_searchProductTest" finished-at="2022-04-07T23:58:07Z" duration-ms="680" status="PASS">
          <reporter-output>
          </reporter-output>
        </test-method> <!-- TC_206_searchProductTest -->
        <test-method signature="TC_207_searchProductListTest()[pri:0, instance:com.qa.opencart.test.AccountsPageTest@25ad4f71]" started-at="2022-04-07T23:58:07Z" name="TC_207_searchProductListTest" finished-at="2022-04-07T23:58:08Z" duration-ms="754" status="PASS">
          <reporter-output>
          </reporter-output>
        </test-method> <!-- TC_207_searchProductListTest -->
        <test-method is-config="true" signature="tearDown()[pri:0, instance:com.qa.opencart.test.AccountsPageTest@25ad4f71]" started-at="2022-04-07T23:58:08Z" name="tearDown" finished-at="2022-04-07T23:58:08Z" duration-ms="87" status="PASS">
          <reporter-output>
          </reporter-output>
        </test-method> <!-- tearDown -->
      </class> <!-- com.qa.opencart.test.AccountsPageTest -->
    </test> <!-- Open Cart Accounts Page Test -->
  </suite> <!-- Open Cart Test Suite -->
</testng-results>
