<?xml version="1.0" encoding="UTF-8"?>
<testng-results ignored="0" total="7" passed="7" failed="0" skipped="0">
  <reporter-output>
  </reporter-output>
  <suite started-at="2022-04-14T21:35:28Z" name="Default suite" finished-at="2022-04-14T21:35:40Z" duration-ms="11859">
    <groups>
    </groups>
    <test started-at="2022-04-14T21:35:28Z" name="Default test" finished-at="2022-04-14T21:35:40Z" duration-ms="11859">
      <class name="com.qa.opencart.test.AccountsPageTest">
        <test-method is-config="true" signature="setup()[pri:0, instance:com.qa.opencart.test.AccountsPageTest@12958360]" started-at="2022-04-14T21:35:28Z" name="setup" finished-at="2022-04-14T21:35:36Z" duration-ms="8107" status="PASS">
          <reporter-output>
          </reporter-output>
        </test-method> <!-- setup -->
        <test-method is-config="true" signature="accountsPageSetup()[pri:0, instance:com.qa.opencart.test.AccountsPageTest@12958360]" started-at="2022-04-14T21:35:36Z" name="accountsPageSetup" finished-at="2022-04-14T21:35:37Z" duration-ms="1195" status="PASS">
          <reporter-output>
          </reporter-output>
        </test-method> <!-- accountsPageSetup -->
        <test-method signature="TC_201_getTitle()[pri:0, instance:com.qa.opencart.test.AccountsPageTest@12958360]" started-at="2022-04-14T21:35:37Z" name="TC_201_getTitle" finished-at="2022-04-14T21:35:38Z" duration-ms="56" status="PASS">
          <reporter-output>
          </reporter-output>
        </test-method> <!-- TC_201_getTitle -->
        <test-method signature="TC_202_headerExit()[pri:0, instance:com.qa.opencart.test.AccountsPageTest@12958360]" started-at="2022-04-14T21:35:38Z" name="TC_202_headerExit" finished-at="2022-04-14T21:35:38Z" duration-ms="47" status="PASS">
          <reporter-output>
          </reporter-output>
        </test-method> <!-- TC_202_headerExit -->
        <test-method signature="TC_203_searchExit()[pri:0, instance:com.qa.opencart.test.AccountsPageTest@12958360]" started-at="2022-04-14T21:35:38Z" name="TC_203_searchExit" finished-at="2022-04-14T21:35:38Z" duration-ms="36" status="PASS">
          <reporter-output>
          </reporter-output>
        </test-method> <!-- TC_203_searchExit -->
        <test-method signature="TC_204_accountSection()[pri:0, instance:com.qa.opencart.test.AccountsPageTest@12958360]" started-at="2022-04-14T21:35:38Z" name="TC_204_accountSection" finished-at="2022-04-14T21:35:38Z" duration-ms="80" status="PASS">
          <reporter-output>
          </reporter-output>
        </test-method> <!-- TC_204_accountSection -->
        <test-method signature="TC_205_searchHeaderTest()[pri:0, instance:com.qa.opencart.test.AccountsPageTest@12958360]" started-at="2022-04-14T21:35:38Z" name="TC_205_searchHeaderTest" finished-at="2022-04-14T21:35:39Z" duration-ms="712" status="PASS">
          <reporter-output>
          </reporter-output>
        </test-method> <!-- TC_205_searchHeaderTest -->
        <test-method signature="TC_206_searchProductTest()[pri:0, instance:com.qa.opencart.test.AccountsPageTest@12958360]" started-at="2022-04-14T21:35:39Z" name="TC_206_searchProductTest" finished-at="2022-04-14T21:35:39Z" duration-ms="649" status="PASS">
          <reporter-output>
          </reporter-output>
        </test-method> <!-- TC_206_searchProductTest -->
        <test-method signature="TC_207_searchProductListTest()[pri:0, instance:com.qa.opencart.test.AccountsPageTest@12958360]" started-at="2022-04-14T21:35:39Z" name="TC_207_searchProductListTest" finished-at="2022-04-14T21:35:40Z" duration-ms="648" status="PASS">
          <reporter-output>
          </reporter-output>
        </test-method> <!-- TC_207_searchProductListTest -->
        <test-method is-config="true" signature="tearDown()[pri:0, instance:com.qa.opencart.test.AccountsPageTest@12958360]" started-at="2022-04-14T21:35:40Z" name="tearDown" finished-at="2022-04-14T21:35:40Z" duration-ms="151" status="PASS">
          <reporter-output>
          </reporter-output>
        </test-method> <!-- tearDown -->
      </class> <!-- com.qa.opencart.test.AccountsPageTest -->
    </test> <!-- Default test -->
  </suite> <!-- Default suite -->
</testng-results>
